mode: set
auth_service/internal/repository/repository.go:14.45,18.2 1 1
auth_service/internal/repository/repository.go:20.105,26.16 3 1
auth_service/internal/repository/repository.go:26.16,28.3 1 1
auth_service/internal/repository/repository.go:30.2,30.12 1 1
auth_service/config/init.go:16.35,17.42 1 0
auth_service/config/init.go:17.42,18.47 1 0
auth_service/config/init.go:18.47,20.4 1 0
auth_service/config/init.go:23.2,49.42 21 0
auth_service/config/init.go:49.42,51.3 1 0
auth_service/config/init.go:53.2,54.17 2 0
auth_service/config/init.go:57.28,58.113 1 0
auth_service/config/init.go:58.113,59.39 1 0
auth_service/config/init.go:63.25,91.2 25 0
auth_service/config/init.go:92.28,93.13 1 0
auth_service/config/init.go:93.13,95.3 1 0
auth_service/config/init.go:96.2,96.17 1 0
auth_service/main.go:12.13,20.37 3 0
auth_service/main.go:20.37,23.3 2 0
auth_service/main.go:25.2,25.47 1 0
auth_service/internal/model/dto/requests/register_request.go:15.66,17.16 2 0
auth_service/internal/model/dto/requests/register_request.go:17.16,19.3 1 0
auth_service/internal/model/dto/requests/register_request.go:20.2,29.8 2 0
auth_service/internal/model/dto/responses/base_response.go:18.66,24.2 1 0
auth_service/internal/model/dto/responses/base_response.go:26.75,35.2 1 0
auth_service/internal/controller/controller.go:19.54,23.2 1 0
auth_service/internal/controller/controller.go:25.53,27.49 2 0
auth_service/internal/controller/controller.go:27.49,29.3 1 0
auth_service/internal/controller/controller.go:30.2,31.19 2 0
auth_service/internal/controller/controller.go:31.19,33.3 1 0
auth_service/internal/controller/controller.go:34.2,35.16 2 0
auth_service/internal/controller/controller.go:35.16,37.3 1 0
auth_service/internal/controller/controller.go:38.2,38.46 1 0
auth_service/infrastructure/database/mocks/executor_mock.go:27.61,31.2 3 0
auth_service/infrastructure/database/mocks/executor_mock.go:34.59,36.2 1 0
auth_service/infrastructure/database/mocks/executor_mock.go:39.112,42.25 3 0
auth_service/infrastructure/database/mocks/executor_mock.go:42.25,44.3 1 0
auth_service/infrastructure/database/mocks/executor_mock.go:45.2,48.19 4 0
auth_service/infrastructure/database/mocks/executor_mock.go:52.107,56.2 3 0
auth_service/infrastructure/database/mocks/executor_mock.go:59.113,65.2 5 0
auth_service/infrastructure/database/mocks/executor_mock.go:68.96,71.2 2 0
auth_service/infrastructure/database/mocks/executor_mock.go:74.112,77.25 3 0
auth_service/infrastructure/database/mocks/executor_mock.go:77.25,79.3 1 0
auth_service/infrastructure/database/mocks/executor_mock.go:80.2,83.19 4 0
auth_service/infrastructure/database/mocks/executor_mock.go:87.108,91.2 3 0
auth_service/infrastructure/database/mocks/executor_mock.go:105.51,109.2 3 0
auth_service/infrastructure/database/mocks/executor_mock.go:112.49,114.2 1 0
auth_service/infrastructure/database/mocks/executor_mock.go:117.51,120.25 3 0
auth_service/infrastructure/database/mocks/executor_mock.go:120.25,122.3 1 0
auth_service/infrastructure/database/mocks/executor_mock.go:123.2,125.13 3 0
auth_service/infrastructure/database/mocks/executor_mock.go:129.71,132.2 2 0
auth_service/cmd/application.go:22.37,24.26 2 0
auth_service/cmd/application.go:24.26,26.3 1 0
auth_service/cmd/application.go:27.2,34.56 4 0
auth_service/cmd/application.go:34.56,36.17 2 0
auth_service/cmd/application.go:36.17,38.4 1 0
auth_service/cmd/application.go:39.3,39.26 1 0
auth_service/cmd/application.go:43.2,53.31 6 0
auth_service/cmd/application.go:53.31,55.3 1 0
auth_service/cmd/application.go:56.2,67.40 7 0
auth_service/cmd/application.go:67.40,69.3 1 0
auth_service/cmd/application.go:72.2,74.12 2 0
auth_service/cmd/application.go:74.12,76.85 2 0
auth_service/cmd/application.go:76.85,78.4 1 0
auth_service/cmd/application.go:82.2,82.9 1 0
auth_service/cmd/application.go:83.20,84.42 1 0
auth_service/cmd/application.go:86.22,88.13 1 0
auth_service/cmd/application.go:92.2,95.45 3 0
auth_service/infrastructure/database/sqlx.go:19.67,20.17 1 0
auth_service/infrastructure/database/sqlx.go:20.17,24.21 3 0
auth_service/infrastructure/database/sqlx.go:24.21,26.4 1 0
auth_service/infrastructure/database/sqlx.go:28.3,36.51 7 0
auth_service/infrastructure/database/sqlx.go:36.51,41.4 4 0
auth_service/infrastructure/database/sqlx.go:43.2,43.26 1 0
auth_service/infrastructure/database/sqlx.go:46.57,57.2 1 0
auth_service/infrastructure/database/sqlx.go:59.20,60.21 1 0
auth_service/infrastructure/database/sqlx.go:60.21,62.3 1 0
auth_service/infrastructure/database/sqlx.go:63.2,63.12 1 0
auth_service/infrastructure/database/sqlx.go:66.38,67.21 1 0
auth_service/infrastructure/database/sqlx.go:67.21,69.3 1 0
auth_service/infrastructure/database/sqlx.go:70.2,70.34 1 0
auth_service/infrastructure/database/tx_manager.go:12.43,14.2 1 0
auth_service/infrastructure/database/tx_manager.go:16.94,18.16 2 0
auth_service/infrastructure/database/tx_manager.go:18.16,20.3 1 0
auth_service/infrastructure/database/tx_manager.go:21.2,21.31 1 0
auth_service/infrastructure/database/tx_manager.go:21.31,24.3 2 0
auth_service/infrastructure/database/tx_manager.go:25.2,25.20 1 0
auth_service/internal/validation/validator.go:10.43,12.61 2 0
auth_service/internal/validation/validator.go:12.61,14.18 2 0
auth_service/internal/validation/validator.go:14.18,16.4 1 0
auth_service/internal/validation/validator.go:17.3,17.14 1 0
auth_service/internal/validation/validator.go:19.2,19.10 1 0
auth_service/internal/validation/validator.go:22.47,24.16 2 0
auth_service/internal/validation/validator.go:24.16,26.3 1 0
auth_service/internal/validation/validator.go:28.2,29.53 2 0
auth_service/internal/validation/validator.go:29.53,31.3 1 0
auth_service/internal/validation/validator.go:32.2,32.13 1 0
auth_service/internal/validation/validator.go:35.50,36.17 1 0
auth_service/internal/validation/validator.go:37.18,38.23 1 0
auth_service/internal/validation/validator.go:39.15,40.41 1 0
auth_service/internal/validation/validator.go:41.13,42.66 1 0
auth_service/internal/validation/validator.go:43.13,44.65 1 0
auth_service/internal/validation/validator.go:45.10,46.25 1 0
auth_service/internal/service/service.go:15.78,20.2 1 0
auth_service/internal/service/service.go:22.89,24.23 2 0
auth_service/internal/service/service.go:24.23,26.3 1 0
auth_service/internal/service/service.go:27.2,27.70 1 0
auth_service/internal/service/service.go:27.70,29.17 2 0
auth_service/internal/service/service.go:29.17,31.4 1 0
auth_service/internal/service/service.go:32.3,32.13 1 0
auth_service/internal/service/service.go:34.2,34.16 1 0
auth_service/internal/service/service.go:34.16,36.3 1 0
auth_service/internal/service/service.go:37.2,37.12 1 0
auth_service/utils/helper.go:8.44,9.9 1 0
auth_service/utils/helper.go:10.28,11.46 1 0
auth_service/utils/helper.go:13.28,14.62 1 0
auth_service/utils/helper.go:16.23,17.61 1 0
auth_service/utils/helper.go:19.10,20.43 1 0
auth_service/router/routes.go:21.60,23.2 1 0
auth_service/router/routes.go:25.30,27.2 1 0
auth_service/middleware/log.go:20.54,24.2 1 0
auth_service/middleware/log.go:26.37,27.36 1 0
auth_service/middleware/log.go:27.36,43.17 7 0
auth_service/middleware/log.go:43.17,46.4 2 0
auth_service/middleware/log.go:47.3,53.13 2 0
auth_service/logger/logger.go:8.32,13.2 2 0
auth_service/logger/otel.go:15.73,51.41 8 0
auth_service/logger/otel.go:51.41,54.3 2 0
